<?xml version="1.0" encoding="UTF-8"?>
<!-- Generated by org.testng.reporters.JUnitReportReporter -->
<testsuite hostname="LAPTOP-2HR8UG91" failures="0" tests="5" name="com.qa.testscripts.AutomationAnywhereModified" time="24.573" errors="0" timestamp="2023-08-03T22:24:28 IST" skipped="0">
  <testcase classname="com.qa.testscripts.AutomationAnywhereModified" name="testProductLink" time="8.758"/>
  <system-out/>
  <testcase classname="com.qa.testscripts.AutomationAnywhereModified" name="testSolutionsLink" time="3.330"/>
  <system-out/>
  <testcase classname="com.qa.testscripts.AutomationAnywhereModified" name="testResourcesLink" time="4.748"/>
  <system-out/>
  <testcase classname="com.qa.testscripts.AutomationAnywhereModified" name="testBeyondRPALink" time="4.017"/>
  <system-out/>
  <testcase classname="com.qa.testscripts.AutomationAnywhereModified" name="testCompanyLink" time="3.720"/>
  <system-out/>
</testsuite> <!-- com.qa.testscripts.AutomationAnywhereModified -->
