<?xml version="1.0" encoding="UTF-8"?>
<!-- Generated by org.testng.reporters.JUnitReportReporter -->
<testsuite hostname="LAPTOP-2HR8UG91" failures="0" tests="2" name="com.qa.testscripts.AutomationAnywhereTest" time="9.300" errors="0" timestamp="2023-08-03T22:10:17 IST" skipped="0">
  <testcase classname="com.qa.testscripts.AutomationAnywhereTest" name="checkLogoPage" time="5.097"/>
  <system-out/>
  <testcase classname="com.qa.testscripts.AutomationAnywhereTest" name="checkRequestDemoPage" time="4.203"/>
  <system-out/>
</testsuite> <!-- com.qa.testscripts.AutomationAnywhereTest -->
